# JRE version: Java(TM) SE Runtime Environment (8.0_231-b11) (build 1.8.0_231-b11)
# Java VM: Java HotSpot(TM) 64-Bit Server VM (25.231-b11 mixed mode windows-amd64 compressed oops)
Heap:
 PSYoungGen      total 151040K, used 62941K [0x00000000f5580000, 0x0000000100000000, 0x0000000100000000)
  eden space 136704K, 46% used [0x00000000f5580000,0x00000000f92f77c0,0x00000000fdb00000)
  from space 14336K, 0% used [0x00000000ff200000,0x00000000ff200000,0x0000000100000000)
  to   space 18944K, 0% used [0x00000000fdb00000,0x00000000fdb00000,0x00000000fed80000)
 ParOldGen       total 175104K, used 29119K [0x00000000e0000000, 0x00000000eab00000, 0x00000000f5580000)
  object space 175104K, 16% used [0x00000000e0000000,0x00000000e1c6fc08,0x00000000eab00000)
 Metaspace       used 59918K, capacity 61892K, committed 62100K, reserved 1101824K
  class space    used 8265K, capacity 8759K, committed 8852K, reserved 1048576K
GC Heap History (10 events):
Event: 6.227 GC heap before
{Heap before GC invocations=9 (full 2):
 PSYoungGen      total 110592K, used 8468K [0x00000000f5580000, 0x0000000100000000, 0x0000000100000000)
  eden space 96768K, 0% used [0x00000000f5580000,0x00000000f5580000,0x00000000fb400000)
  from space 13824K, 61% used [0x00000000fb400000,0x00000000fbc45260,0x00000000fc180000)
  to   space 13312K, 0% used [0x00000000ff300000,0x00000000ff300000,0x0000000100000000)
 ParOldGen       total 175104K, used 10831K [0x00000000e0000000, 0x00000000eab00000, 0x00000000f5580000)
  object space 175104K, 6% used [0x00000000e0000000,0x00000000e0a93d18,0x00000000eab00000)
 Metaspace       used 34430K, capacity 35288K, committed 35416K, reserved 1079296K
  class space    used 4868K, capacity 5127K, committed 5208K, reserved 1048576K
Event: 6.256 GC heap after
Heap after GC invocations=9 (full 2):
 PSYoungGen      total 110592K, used 0K [0x00000000f5580000, 0x0000000100000000, 0x0000000100000000)
  eden space 96768K, 0% used [0x00000000f5580000,0x00000000f5580000,0x00000000fb400000)
  from space 13824K, 0% used [0x00000000fb400000,0x00000000fb400000,0x00000000fc180000)
  to   space 13312K, 0% used [0x00000000ff300000,0x00000000ff300000,0x0000000100000000)
 ParOldGen       total 175104K, used 15451K [0x00000000e0000000, 0x00000000eab00000, 0x00000000f5580000)
  object space 175104K, 8% used [0x00000000e0000000,0x00000000e0f16dd0,0x00000000eab00000)
 Metaspace       used 34384K, capacity 35138K, committed 35416K, reserved 1079296K
  class space    used 4854K, capacity 5102K, committed 5208K, reserved 1048576K
}
Event: 6.964 GC heap before
{Heap before GC invocations=10 (full 2):
 PSYoungGen      total 110592K, used 96768K [0x00000000f5580000, 0x0000000100000000, 0x0000000100000000)
  eden space 96768K, 100% used [0x00000000f5580000,0x00000000fb400000,0x00000000fb400000)
  from space 13824K, 0% used [0x00000000fb400000,0x00000000fb400000,0x00000000fc180000)
  to   space 13312K, 0% used [0x00000000ff300000,0x00000000ff300000,0x0000000100000000)
 ParOldGen       total 175104K, used 15451K [0x00000000e0000000, 0x00000000eab00000, 0x00000000f5580000)
  object space 175104K, 8% used [0x00000000e0000000,0x00000000e0f16dd0,0x00000000eab00000)
 Metaspace       used 43632K, capacity 44714K, committed 44888K, reserved 1087488K
  class space    used 6052K, capacity 6391K, committed 6488K, reserved 1048576K
Event: 6.971 GC heap after
Heap after GC invocations=10 (full 2):
 PSYoungGen      total 159232K, used 12608K [0x00000000f5580000, 0x0000000100000000, 0x0000000100000000)
  eden space 145920K, 0% used [0x00000000f5580000,0x00000000f5580000,0x00000000fe400000)
  from space 13312K, 94% used [0x00000000ff300000,0x00000000fff500a8,0x0000000100000000)
  to   space 14336K, 0% used [0x00000000fe400000,0x00000000fe400000,0x00000000ff200000)
 ParOldGen       total 175104K, used 15459K [0x00000000e0000000, 0x00000000eab00000, 0x00000000f5580000)
  object space 175104K, 8% used [0x00000000e0000000,0x00000000e0f18dd0,0x00000000eab00000)
 Metaspace       used 43632K, capacity 44714K, committed 44888K, reserved 1087488K
  class space    used 6052K, capacity 6391K, committed 6488K, reserved 1048576K
}
Event: 7.950 GC heap before
{Heap before GC invocations=11 (full 2):
 PSYoungGen      total 159232K, used 158528K [0x00000000f5580000, 0x0000000100000000, 0x0000000100000000)
  eden space 145920K, 100% used [0x00000000f5580000,0x00000000fe400000,0x00000000fe400000)
  from space 13312K, 94% used [0x00000000ff300000,0x00000000fff500a8,0x0000000100000000)
  to   space 14336K, 0% used [0x00000000fe400000,0x00000000fe400000,0x00000000ff200000)
 ParOldGen       total 175104K, used 15459K [0x00000000e0000000, 0x00000000eab00000, 0x00000000f5580000)
  object space 175104K, 8% used [0x00000000e0000000,0x00000000e0f18dd0,0x00000000eab00000)
 Metaspace       used 55802K, capacity 57366K, committed 57560K, reserved 1099776K
  class space    used 7642K, capacity 8088K, committed 8152K, reserved 1048576K
Event: 7.964 GC heap after
Heap after GC invocations=11 (full 2):
 PSYoungGen      total 160256K, used 14327K [0x00000000f5580000, 0x0000000100000000, 0x0000000100000000)
  eden space 145920K, 0% used [0x00000000f5580000,0x00000000f5580000,0x00000000fe400000)
  from space 14336K, 99% used [0x00000000fe400000,0x00000000ff1fdd50,0x00000000ff200000)
  to   space 14336K, 0% used [0x00000000ff200000,0x00000000ff200000,0x0000000100000000)
 ParOldGen       total 175104K, used 22358K [0x00000000e0000000, 0x00000000eab00000, 0x00000000f5580000)
  object space 175104K, 12% used [0x00000000e0000000,0x00000000e15d5968,0x00000000eab00000)
 Metaspace       used 55802K, capacity 57366K, committed 57560K, reserved 1099776K
  class space    used 7642K, capacity 8088K, committed 8152K, reserved 1048576K
}
Event: 8.092 GC heap before
{Heap before GC invocations=12 (full 2):
 PSYoungGen      total 160256K, used 38977K [0x00000000f5580000, 0x0000000100000000, 0x0000000100000000)
  eden space 145920K, 16% used [0x00000000f5580000,0x00000000f6d92788,0x00000000fe400000)
  from space 14336K, 99% used [0x00000000fe400000,0x00000000ff1fdd50,0x00000000ff200000)
  to   space 14336K, 0% used [0x00000000ff200000,0x00000000ff200000,0x0000000100000000)
 ParOldGen       total 175104K, used 22358K [0x00000000e0000000, 0x00000000eab00000, 0x00000000f5580000)
  object space 175104K, 12% used [0x00000000e0000000,0x00000000e15d5968,0x00000000eab00000)
 Metaspace       used 57417K, capacity 58986K, committed 59028K, reserved 1099776K
  class space    used 7888K, capacity 8326K, committed 8340K, reserved 1048576K
Event: 8.098 GC heap after
Heap after GC invocations=12 (full 2):
 PSYoungGen      total 151040K, used 14325K [0x00000000f5580000, 0x0000000100000000, 0x0000000100000000)
  eden space 136704K, 0% used [0x00000000f5580000,0x00000000f5580000,0x00000000fdb00000)
  from space 14336K, 99% used [0x00000000ff200000,0x00000000ffffd7a0,0x0000000100000000)
  to   space 18944K, 0% used [0x00000000fdb00000,0x00000000fdb00000,0x00000000fed80000)
 ParOldGen       total 175104K, used 22856K [0x00000000e0000000, 0x00000000eab00000, 0x00000000f5580000)
  object space 175104K, 13% used [0x00000000e0000000,0x00000000e16521b0,0x00000000eab00000)
 Metaspace       used 57417K, capacity 58986K, committed 59028K, reserved 1099776K
  class space    used 7888K, capacity 8326K, committed 8340K, reserved 1048576K
}
Event: 8.098 GC heap before
{Heap before GC invocations=13 (full 3):
 PSYoungGen      total 151040K, used 14325K [0x00000000f5580000, 0x0000000100000000, 0x0000000100000000)
  eden space 136704K, 0% used [0x00000000f5580000,0x00000000f5580000,0x00000000fdb00000)
  from space 14336K, 99% used [0x00000000ff200000,0x00000000ffffd7a0,0x0000000100000000)
  to   space 18944K, 0% used [0x00000000fdb00000,0x00000000fdb00000,0x00000000fed80000)
 ParOldGen       total 175104K, used 22856K [0x00000000e0000000, 0x00000000eab00000, 0x00000000f5580000)
  object space 175104K, 13% used [0x00000000e0000000,0x00000000e16521b0,0x00000000eab00000)
 Metaspace       used 57417K, capacity 58986K, committed 59028K, reserved 1099776K
  class space    used 7888K, capacity 8326K, committed 8340K, reserved 1048576K
Event: 8.220 GC heap after
Heap after GC invocations=13 (full 3):
 PSYoungGen      total 151040K, used 0K [0x00000000f5580000, 0x0000000100000000, 0x0000000100000000)
  eden space 136704K, 0% used [0x00000000f5580000,0x00000000f5580000,0x00000000fdb00000)
  from space 14336K, 0% used [0x00000000ff200000,0x00000000ff200000,0x0000000100000000)
  to   space 18944K, 0% used [0x00000000fdb00000,0x00000000fdb00000,0x00000000fed80000)
 ParOldGen       total 175104K, used 29119K [0x00000000e0000000, 0x00000000eab00000, 0x00000000f5580000)
  object space 175104K, 16% used [0x00000000e0000000,0x00000000e1c6fc08,0x00000000eab00000)
 Metaspace       used 57417K, capacity 58986K, committed 59028K, reserved 1099776K
  class space    used 7888K, capacity 8326K, committed 8340K, reserved 1048576K
}

