# JRE version: Java(TM) SE Runtime Environment (8.0_231-b11) (build 1.8.0_231-b11)
# Java VM: Java HotSpot(TM) 64-Bit Server VM (25.231-b11 mixed mode windows-amd64 compressed oops)
Heap:
 PSYoungGen      total 159232K, used 76051K [0x00000000f5580000, 0x0000000100000000, 0x0000000100000000)
  eden space 145920K, 43% used [0x00000000f5580000,0x00000000f93b2128,0x00000000fe400000)
  from space 13312K, 92% used [0x00000000ff300000,0x00000000fff12d18,0x0000000100000000)
  to   space 14336K, 0% used [0x00000000fe400000,0x00000000fe400000,0x00000000ff200000)
 ParOldGen       total 175104K, used 15381K [0x00000000e0000000, 0x00000000eab00000, 0x00000000f5580000)
  object space 175104K, 8% used [0x00000000e0000000,0x00000000e0f057c0,0x00000000eab00000)
 Metaspace       used 48196K, capacity 49586K, committed 49880K, reserved 1091584K
  class space    used 6694K, capacity 7066K, committed 7128K, reserved 1048576K
GC Heap History (10 events):
Event: 6.358 GC heap before
{Heap before GC invocations=6 (full 1):
 PSYoungGen      total 76288K, used 73617K [0x00000000f5580000, 0x00000000fc580000, 0x0000000100000000)
  eden space 65536K, 100% used [0x00000000f5580000,0x00000000f9580000,0x00000000f9580000)
  from space 10752K, 75% used [0x00000000fa000000,0x00000000fa7e4430,0x00000000faa80000)
  to   space 10752K, 0% used [0x00000000f9580000,0x00000000f9580000,0x00000000fa000000)
 ParOldGen       total 175104K, used 10802K [0x00000000e0000000, 0x00000000eab00000, 0x00000000f5580000)
  object space 175104K, 6% used [0x00000000e0000000,0x00000000e0a8c970,0x00000000eab00000)
 Metaspace       used 30975K, capacity 31616K, committed 32000K, reserved 1077248K
  class space    used 4324K, capacity 4539K, committed 4608K, reserved 1048576K
Event: 6.362 GC heap after
Heap after GC invocations=6 (full 1):
 PSYoungGen      total 76288K, used 10352K [0x00000000f5580000, 0x00000000fcd00000, 0x0000000100000000)
  eden space 65536K, 0% used [0x00000000f5580000,0x00000000f5580000,0x00000000f9580000)
  from space 10752K, 96% used [0x00000000f9580000,0x00000000f9f9c368,0x00000000fa000000)
  to   space 12800K, 0% used [0x00000000fc080000,0x00000000fc080000,0x00000000fcd00000)
 ParOldGen       total 175104K, used 10810K [0x00000000e0000000, 0x00000000eab00000, 0x00000000f5580000)
  object space 175104K, 6% used [0x00000000e0000000,0x00000000e0a8e970,0x00000000eab00000)
 Metaspace       used 30975K, capacity 31616K, committed 32000K, reserved 1077248K
  class space    used 4324K, capacity 4539K, committed 4608K, reserved 1048576K
}
Event: 6.710 GC heap before
{Heap before GC invocations=7 (full 1):
 PSYoungGen      total 76288K, used 75888K [0x00000000f5580000, 0x00000000fcd00000, 0x0000000100000000)
  eden space 65536K, 100% used [0x00000000f5580000,0x00000000f9580000,0x00000000f9580000)
  from space 10752K, 96% used [0x00000000f9580000,0x00000000f9f9c368,0x00000000fa000000)
  to   space 12800K, 0% used [0x00000000fc080000,0x00000000fc080000,0x00000000fcd00000)
 ParOldGen       total 175104K, used 10810K [0x00000000e0000000, 0x00000000eab00000, 0x00000000f5580000)
  object space 175104K, 6% used [0x00000000e0000000,0x00000000e0a8e970,0x00000000eab00000)
 Metaspace       used 34366K, capacity 35172K, committed 35328K, reserved 1079296K
  class space    used 4846K, capacity 5099K, committed 5120K, reserved 1048576K
Event: 6.716 GC heap after
Heap after GC invocations=7 (full 1):
 PSYoungGen      total 108544K, used 11282K [0x00000000f5580000, 0x00000000fd300000, 0x0000000100000000)
  eden space 95744K, 0% used [0x00000000f5580000,0x00000000f5580000,0x00000000fb300000)
  from space 12800K, 88% used [0x00000000fc080000,0x00000000fcb849c0,0x00000000fcd00000)
  to   space 13824K, 0% used [0x00000000fb300000,0x00000000fb300000,0x00000000fc080000)
 ParOldGen       total 175104K, used 10818K [0x00000000e0000000, 0x00000000eab00000, 0x00000000f5580000)
  object space 175104K, 6% used [0x00000000e0000000,0x00000000e0a90970,0x00000000eab00000)
 Metaspace       used 34366K, capacity 35172K, committed 35328K, reserved 1079296K
  class space    used 4846K, capacity 5099K, committed 5120K, reserved 1048576K
}
Event: 6.724 GC heap before
{Heap before GC invocations=8 (full 1):
 PSYoungGen      total 108544K, used 15866K [0x00000000f5580000, 0x00000000fd300000, 0x0000000100000000)
  eden space 95744K, 4% used [0x00000000f5580000,0x00000000f59f9ea0,0x00000000fb300000)
  from space 12800K, 88% used [0x00000000fc080000,0x00000000fcb849c0,0x00000000fcd00000)
  to   space 13824K, 0% used [0x00000000fb300000,0x00000000fb300000,0x00000000fc080000)
 ParOldGen       total 175104K, used 10818K [0x00000000e0000000, 0x00000000eab00000, 0x00000000f5580000)
  object space 175104K, 6% used [0x00000000e0000000,0x00000000e0a90970,0x00000000eab00000)
 Metaspace       used 34446K, capacity 35332K, committed 35416K, reserved 1079296K
  class space    used 4865K, capacity 5127K, committed 5208K, reserved 1048576K
Event: 6.727 GC heap after
Heap after GC invocations=8 (full 1):
 PSYoungGen      total 109568K, used 8388K [0x00000000f5580000, 0x0000000100000000, 0x0000000100000000)
  eden space 95744K, 0% used [0x00000000f5580000,0x00000000f5580000,0x00000000fb300000)
  from space 13824K, 60% used [0x00000000fb300000,0x00000000fbb31270,0x00000000fc080000)
  to   space 13312K, 0% used [0x00000000ff300000,0x00000000ff300000,0x0000000100000000)
 ParOldGen       total 175104K, used 10818K [0x00000000e0000000, 0x00000000eab00000, 0x00000000f5580000)
  object space 175104K, 6% used [0x00000000e0000000,0x00000000e0a90970,0x00000000eab00000)
 Metaspace       used 34446K, capacity 35332K, committed 35416K, reserved 1079296K
  class space    used 4865K, capacity 5127K, committed 5208K, reserved 1048576K
}
Event: 6.727 GC heap before
{Heap before GC invocations=9 (full 2):
 PSYoungGen      total 109568K, used 8388K [0x00000000f5580000, 0x0000000100000000, 0x0000000100000000)
  eden space 95744K, 0% used [0x00000000f5580000,0x00000000f5580000,0x00000000fb300000)
  from space 13824K, 60% used [0x00000000fb300000,0x00000000fbb31270,0x00000000fc080000)
  to   space 13312K, 0% used [0x00000000ff300000,0x00000000ff300000,0x0000000100000000)
 ParOldGen       total 175104K, used 10818K [0x00000000e0000000, 0x00000000eab00000, 0x00000000f5580000)
  object space 175104K, 6% used [0x00000000e0000000,0x00000000e0a90970,0x00000000eab00000)
 Metaspace       used 34446K, capacity 35332K, committed 35416K, reserved 1079296K
  class space    used 4865K, capacity 5127K, committed 5208K, reserved 1048576K
Event: 6.756 GC heap after
Heap after GC invocations=9 (full 2):
 PSYoungGen      total 109568K, used 0K [0x00000000f5580000, 0x0000000100000000, 0x0000000100000000)
  eden space 95744K, 0% used [0x00000000f5580000,0x00000000f5580000,0x00000000fb300000)
  from space 13824K, 0% used [0x00000000fb300000,0x00000000fb300000,0x00000000fc080000)
  to   space 13312K, 0% used [0x00000000ff300000,0x00000000ff300000,0x0000000100000000)
 ParOldGen       total 175104K, used 15373K [0x00000000e0000000, 0x00000000eab00000, 0x00000000f5580000)
  object space 175104K, 8% used [0x00000000e0000000,0x00000000e0f037c0,0x00000000eab00000)
 Metaspace       used 34405K, capacity 35200K, committed 35416K, reserved 1079296K
  class space    used 4853K, capacity 5105K, committed 5208K, reserved 1048576K
}
Event: 7.611 GC heap before
{Heap before GC invocations=10 (full 2):
 PSYoungGen      total 109568K, used 95744K [0x00000000f5580000, 0x0000000100000000, 0x0000000100000000)
  eden space 95744K, 100% used [0x00000000f5580000,0x00000000fb300000,0x00000000fb300000)
  from space 13824K, 0% used [0x00000000fb300000,0x00000000fb300000,0x00000000fc080000)
  to   space 13312K, 0% used [0x00000000ff300000,0x00000000ff300000,0x0000000100000000)
 ParOldGen       total 175104K, used 15373K [0x00000000e0000000, 0x00000000eab00000, 0x00000000f5580000)
  object space 175104K, 8% used [0x00000000e0000000,0x00000000e0f037c0,0x00000000eab00000)
 Metaspace       used 43481K, capacity 44596K, committed 44888K, reserved 1087488K
  class space    used 6037K, capacity 6368K, committed 6488K, reserved 1048576K
Event: 7.618 GC heap after
Heap after GC invocations=10 (full 2):
 PSYoungGen      total 159232K, used 12363K [0x00000000f5580000, 0x0000000100000000, 0x0000000100000000)
  eden space 145920K, 0% used [0x00000000f5580000,0x00000000f5580000,0x00000000fe400000)
  from space 13312K, 92% used [0x00000000ff300000,0x00000000fff12d18,0x0000000100000000)
  to   space 14336K, 0% used [0x00000000fe400000,0x00000000fe400000,0x00000000ff200000)
 ParOldGen       total 175104K, used 15381K [0x00000000e0000000, 0x00000000eab00000, 0x00000000f5580000)
  object space 175104K, 8% used [0x00000000e0000000,0x00000000e0f057c0,0x00000000eab00000)
 Metaspace       used 43481K, capacity 44596K, committed 44888K, reserved 1087488K
  class space    used 6037K, capacity 6368K, committed 6488K, reserved 1048576K
}

