# JRE version: Java(TM) SE Runtime Environment (8.0_231-b11) (build 1.8.0_231-b11)
# Java VM: Java HotSpot(TM) 64-Bit Server VM (25.231-b11 mixed mode windows-amd64 compressed oops)
Heap:
 PSYoungGen      total 142336K, used 79183K [0x00000000f5580000, 0x0000000100000000, 0x0000000100000000)
  eden space 110080K, 61% used [0x00000000f5580000,0x00000000f97925a0,0x00000000fc100000)
  from space 32256K, 35% used [0x00000000fc100000,0x00000000fcc41a48,0x00000000fe080000)
  to   space 31232K, 0% used [0x00000000fe180000,0x00000000fe180000,0x0000000100000000)
 ParOldGen       total 175104K, used 67671K [0x00000000e0000000, 0x00000000eab00000, 0x00000000f5580000)
  object space 175104K, 38% used [0x00000000e0000000,0x00000000e4215c10,0x00000000eab00000)
 Metaspace       used 76942K, capacity 80498K, committed 80640K, reserved 1118208K
  class space    used 10395K, capacity 11221K, committed 11264K, reserved 1048576K
GC Heap History (10 events):
Event: 2005.710 GC heap before
{Heap before GC invocations=14 (full 3):
 PSYoungGen      total 152576K, used 14463K [0x00000000f5580000, 0x0000000100000000, 0x0000000100000000)
  eden space 137728K, 0% used [0x00000000f5580000,0x00000000f5580000,0x00000000fdc00000)
  from space 14848K, 97% used [0x00000000fdc00000,0x00000000fea1fd30,0x00000000fea80000)
  to   space 18944K, 0% used [0x00000000fed80000,0x00000000fed80000,0x0000000100000000)
 ParOldGen       total 175104K, used 24468K [0x00000000e0000000, 0x00000000eab00000, 0x00000000f5580000)
  object space 175104K, 13% used [0x00000000e0000000,0x00000000e17e53c0,0x00000000eab00000)
 Metaspace       used 57304K, capacity 58980K, committed 59028K, reserved 1099776K
  class space    used 7765K, capacity 8164K, committed 8192K, reserved 1048576K
Event: 2005.864 GC heap after
Heap after GC invocations=14 (full 3):
 PSYoungGen      total 152576K, used 0K [0x00000000f5580000, 0x0000000100000000, 0x0000000100000000)
  eden space 137728K, 0% used [0x00000000f5580000,0x00000000f5580000,0x00000000fdc00000)
  from space 14848K, 0% used [0x00000000fdc00000,0x00000000fdc00000,0x00000000fea80000)
  to   space 18944K, 0% used [0x00000000fed80000,0x00000000fed80000,0x0000000100000000)
 ParOldGen       total 175104K, used 25517K [0x00000000e0000000, 0x00000000eab00000, 0x00000000f5580000)
  object space 175104K, 14% used [0x00000000e0000000,0x00000000e18eb548,0x00000000eab00000)
 Metaspace       used 57262K, capacity 58842K, committed 59028K, reserved 1099776K
  class space    used 7752K, capacity 8141K, committed 8192K, reserved 1048576K
}
Event: 2009.631 GC heap before
{Heap before GC invocations=15 (full 3):
 PSYoungGen      total 152576K, used 137728K [0x00000000f5580000, 0x0000000100000000, 0x0000000100000000)
  eden space 137728K, 100% used [0x00000000f5580000,0x00000000fdc00000,0x00000000fdc00000)
  from space 14848K, 0% used [0x00000000fdc00000,0x00000000fdc00000,0x00000000fea80000)
  to   space 18944K, 0% used [0x00000000fed80000,0x00000000fed80000,0x0000000100000000)
 ParOldGen       total 175104K, used 25517K [0x00000000e0000000, 0x00000000eab00000, 0x00000000f5580000)
  object space 175104K, 14% used [0x00000000e0000000,0x00000000e18eb548,0x00000000eab00000)
 Metaspace       used 62229K, capacity 64524K, committed 64768K, reserved 1105920K
  class space    used 8568K, capacity 9197K, committed 9216K, reserved 1048576K
Event: 2009.639 GC heap after
Heap after GC invocations=15 (full 3):
 PSYoungGen      total 152576K, used 16204K [0x00000000f5580000, 0x0000000100000000, 0x0000000100000000)
  eden space 133632K, 0% used [0x00000000f5580000,0x00000000f5580000,0x00000000fd800000)
  from space 18944K, 85% used [0x00000000fed80000,0x00000000ffd53130,0x0000000100000000)
  to   space 20480K, 0% used [0x00000000fd800000,0x00000000fd800000,0x00000000fec00000)
 ParOldGen       total 175104K, used 25525K [0x00000000e0000000, 0x00000000eab00000, 0x00000000f5580000)
  object space 175104K, 14% used [0x00000000e0000000,0x00000000e18ed548,0x00000000eab00000)
 Metaspace       used 62229K, capacity 64524K, committed 64768K, reserved 1105920K
  class space    used 8568K, capacity 9197K, committed 9216K, reserved 1048576K
}
Event: 2010.870 GC heap before
{Heap before GC invocations=16 (full 3):
 PSYoungGen      total 152576K, used 149836K [0x00000000f5580000, 0x0000000100000000, 0x0000000100000000)
  eden space 133632K, 100% used [0x00000000f5580000,0x00000000fd800000,0x00000000fd800000)
  from space 18944K, 85% used [0x00000000fed80000,0x00000000ffd53130,0x0000000100000000)
  to   space 20480K, 0% used [0x00000000fd800000,0x00000000fd800000,0x00000000fec00000)
 ParOldGen       total 175104K, used 25525K [0x00000000e0000000, 0x00000000eab00000, 0x00000000f5580000)
  object space 175104K, 14% used [0x00000000e0000000,0x00000000e18ed548,0x00000000eab00000)
 Metaspace       used 66036K, capacity 68768K, committed 68992K, reserved 1107968K
  class space    used 9056K, capacity 9758K, committed 9856K, reserved 1048576K
Event: 2010.883 GC heap after
Heap after GC invocations=16 (full 3):
 PSYoungGen      total 154112K, used 20472K [0x00000000f5580000, 0x0000000100000000, 0x0000000100000000)
  eden space 133632K, 0% used [0x00000000f5580000,0x00000000f5580000,0x00000000fd800000)
  from space 20480K, 99% used [0x00000000fd800000,0x00000000febfe0e8,0x00000000fec00000)
  to   space 20480K, 0% used [0x00000000fec00000,0x00000000fec00000,0x0000000100000000)
 ParOldGen       total 175104K, used 32621K [0x00000000e0000000, 0x00000000eab00000, 0x00000000f5580000)
  object space 175104K, 18% used [0x00000000e0000000,0x00000000e1fdb5b0,0x00000000eab00000)
 Metaspace       used 66036K, capacity 68768K, committed 68992K, reserved 1107968K
  class space    used 9056K, capacity 9758K, committed 9856K, reserved 1048576K
}
Event: 2011.907 GC heap before
{Heap before GC invocations=17 (full 3):
 PSYoungGen      total 154112K, used 154104K [0x00000000f5580000, 0x0000000100000000, 0x0000000100000000)
  eden space 133632K, 100% used [0x00000000f5580000,0x00000000fd800000,0x00000000fd800000)
  from space 20480K, 99% used [0x00000000fd800000,0x00000000febfe0e8,0x00000000fec00000)
  to   space 20480K, 0% used [0x00000000fec00000,0x00000000fec00000,0x0000000100000000)
 ParOldGen       total 175104K, used 32621K [0x00000000e0000000, 0x00000000eab00000, 0x00000000f5580000)
  object space 175104K, 18% used [0x00000000e0000000,0x00000000e1fdb5b0,0x00000000eab00000)
 Metaspace       used 69739K, capacity 73246K, committed 73472K, reserved 1112064K
  class space    used 9603K, capacity 10433K, committed 10496K, reserved 1048576K
Event: 2011.920 GC heap after
Heap after GC invocations=17 (full 3):
 PSYoungGen      total 130560K, used 20464K [0x00000000f5580000, 0x0000000100000000, 0x0000000100000000)
  eden space 110080K, 0% used [0x00000000f5580000,0x00000000f5580000,0x00000000fc100000)
  from space 20480K, 99% used [0x00000000fec00000,0x00000000ffffc050,0x0000000100000000)
  to   space 32256K, 0% used [0x00000000fc100000,0x00000000fc100000,0x00000000fe080000)
 ParOldGen       total 175104K, used 47574K [0x00000000e0000000, 0x00000000eab00000, 0x00000000f5580000)
  object space 175104K, 27% used [0x00000000e0000000,0x00000000e2e75ad8,0x00000000eab00000)
 Metaspace       used 69739K, capacity 73246K, committed 73472K, reserved 1112064K
  class space    used 9603K, capacity 10433K, committed 10496K, reserved 1048576K
}
Event: 2013.303 GC heap before
{Heap before GC invocations=18 (full 3):
 PSYoungGen      total 130560K, used 130544K [0x00000000f5580000, 0x0000000100000000, 0x0000000100000000)
  eden space 110080K, 100% used [0x00000000f5580000,0x00000000fc100000,0x00000000fc100000)
  from space 20480K, 99% used [0x00000000fec00000,0x00000000ffffc050,0x0000000100000000)
  to   space 32256K, 0% used [0x00000000fc100000,0x00000000fc100000,0x00000000fe080000)
 ParOldGen       total 175104K, used 47574K [0x00000000e0000000, 0x00000000eab00000, 0x00000000f5580000)
  object space 175104K, 27% used [0x00000000e0000000,0x00000000e2e75ad8,0x00000000eab00000)
 Metaspace       used 76415K, capacity 79974K, committed 80128K, reserved 1118208K
  class space    used 10390K, capacity 11219K, committed 11264K, reserved 1048576K
Event: 2013.322 GC heap after
Heap after GC invocations=18 (full 3):
 PSYoungGen      total 142336K, used 11526K [0x00000000f5580000, 0x0000000100000000, 0x0000000100000000)
  eden space 110080K, 0% used [0x00000000f5580000,0x00000000f5580000,0x00000000fc100000)
  from space 32256K, 35% used [0x00000000fc100000,0x00000000fcc41a48,0x00000000fe080000)
  to   space 31232K, 0% used [0x00000000fe180000,0x00000000fe180000,0x0000000100000000)
 ParOldGen       total 175104K, used 67671K [0x00000000e0000000, 0x00000000eab00000, 0x00000000f5580000)
  object space 175104K, 38% used [0x00000000e0000000,0x00000000e4215c10,0x00000000eab00000)
 Metaspace       used 76415K, capacity 79974K, committed 80128K, reserved 1118208K
  class space    used 10390K, capacity 11219K, committed 11264K, reserved 1048576K
}

