# JRE version: Java(TM) SE Runtime Environment (8.0_231-b11) (build 1.8.0_231-b11)
# Java VM: Java HotSpot(TM) 64-Bit Server VM (25.231-b11 mixed mode windows-amd64 compressed oops)
Heap:
 PSYoungGen      total 105984K, used 69609K [0x00000000f5580000, 0x00000000fd200000, 0x0000000100000000)
  eden space 93184K, 61% used [0x00000000f5580000,0x00000000f8d52a00,0x00000000fb080000)
  from space 12800K, 97% used [0x00000000fbe00000,0x00000000fca27ae8,0x00000000fca80000)
  to   space 13824K, 0% used [0x00000000fb080000,0x00000000fb080000,0x00000000fbe00000)
 ParOldGen       total 175104K, used 15831K [0x00000000e0000000, 0x00000000eab00000, 0x00000000f5580000)
  object space 175104K, 9% used [0x00000000e0000000,0x00000000e0f75d08,0x00000000eab00000)
 Metaspace       used 48074K, capacity 49414K, committed 49664K, reserved 1091584K
  class space    used 6676K, capacity 7048K, committed 7168K, reserved 1048576K
GC Heap History (10 events):
Event: 6.157 GC heap before
{Heap before GC invocations=6 (full 1):
 PSYoungGen      total 76288K, used 73668K [0x00000000f5580000, 0x00000000fc300000, 0x0000000100000000)
  eden space 65536K, 100% used [0x00000000f5580000,0x00000000f9580000,0x00000000f9580000)
  from space 10752K, 75% used [0x00000000fa000000,0x00000000fa7f1208,0x00000000faa80000)
  to   space 10752K, 0% used [0x00000000f9580000,0x00000000f9580000,0x00000000fa000000)
 ParOldGen       total 175104K, used 10810K [0x00000000e0000000, 0x00000000eab00000, 0x00000000f5580000)
  object space 175104K, 6% used [0x00000000e0000000,0x00000000e0a8e9c8,0x00000000eab00000)
 Metaspace       used 31020K, capacity 31616K, committed 32000K, reserved 1077248K
  class space    used 4333K, capacity 4539K, committed 4608K, reserved 1048576K
Event: 6.162 GC heap after
Heap after GC invocations=6 (full 1):
 PSYoungGen      total 76288K, used 10256K [0x00000000f5580000, 0x00000000fca80000, 0x0000000100000000)
  eden space 65536K, 0% used [0x00000000f5580000,0x00000000f5580000,0x00000000f9580000)
  from space 10752K, 95% used [0x00000000f9580000,0x00000000f9f84050,0x00000000fa000000)
  to   space 12800K, 0% used [0x00000000fbe00000,0x00000000fbe00000,0x00000000fca80000)
 ParOldGen       total 175104K, used 10818K [0x00000000e0000000, 0x00000000eab00000, 0x00000000f5580000)
  object space 175104K, 6% used [0x00000000e0000000,0x00000000e0a909c8,0x00000000eab00000)
 Metaspace       used 31020K, capacity 31616K, committed 32000K, reserved 1077248K
  class space    used 4333K, capacity 4539K, committed 4608K, reserved 1048576K
}
Event: 6.518 GC heap before
{Heap before GC invocations=7 (full 1):
 PSYoungGen      total 76288K, used 75792K [0x00000000f5580000, 0x00000000fca80000, 0x0000000100000000)
  eden space 65536K, 100% used [0x00000000f5580000,0x00000000f9580000,0x00000000f9580000)
  from space 10752K, 95% used [0x00000000f9580000,0x00000000f9f84050,0x00000000fa000000)
  to   space 12800K, 0% used [0x00000000fbe00000,0x00000000fbe00000,0x00000000fca80000)
 ParOldGen       total 175104K, used 10818K [0x00000000e0000000, 0x00000000eab00000, 0x00000000f5580000)
  object space 175104K, 6% used [0x00000000e0000000,0x00000000e0a909c8,0x00000000eab00000)
 Metaspace       used 34452K, capacity 35302K, committed 35328K, reserved 1079296K
  class space    used 4866K, capacity 5110K, committed 5120K, reserved 1048576K
Event: 6.526 GC heap after
Heap after GC invocations=7 (full 1):
 PSYoungGen      total 105984K, used 11452K [0x00000000f5580000, 0x00000000fd200000, 0x0000000100000000)
  eden space 93184K, 0% used [0x00000000f5580000,0x00000000f5580000,0x00000000fb080000)
  from space 12800K, 89% used [0x00000000fbe00000,0x00000000fc92f1b8,0x00000000fca80000)
  to   space 13824K, 0% used [0x00000000fb080000,0x00000000fb080000,0x00000000fbe00000)
 ParOldGen       total 175104K, used 10826K [0x00000000e0000000, 0x00000000eab00000, 0x00000000f5580000)
  object space 175104K, 6% used [0x00000000e0000000,0x00000000e0a929c8,0x00000000eab00000)
 Metaspace       used 34452K, capacity 35302K, committed 35328K, reserved 1079296K
  class space    used 4866K, capacity 5110K, committed 5120K, reserved 1048576K
}
Event: 6.555 GC heap before
{Heap before GC invocations=8 (full 1):
 PSYoungGen      total 105984K, used 17188K [0x00000000f5580000, 0x00000000fd200000, 0x0000000100000000)
  eden space 93184K, 6% used [0x00000000f5580000,0x00000000f5b19f18,0x00000000fb080000)
  from space 12800K, 89% used [0x00000000fbe00000,0x00000000fc92f1b8,0x00000000fca80000)
  to   space 13824K, 0% used [0x00000000fb080000,0x00000000fb080000,0x00000000fbe00000)
 ParOldGen       total 175104K, used 10826K [0x00000000e0000000, 0x00000000eab00000, 0x00000000f5580000)
  object space 175104K, 6% used [0x00000000e0000000,0x00000000e0a929c8,0x00000000eab00000)
 Metaspace       used 34548K, capacity 35366K, committed 35416K, reserved 1079296K
  class space    used 4882K, capacity 5110K, committed 5120K, reserved 1048576K
Event: 6.560 GC heap after
Heap after GC invocations=8 (full 1):
 PSYoungGen      total 107008K, used 8788K [0x00000000f5580000, 0x00000000fd200000, 0x0000000100000000)
  eden space 93184K, 0% used [0x00000000f5580000,0x00000000f5580000,0x00000000fb080000)
  from space 13824K, 63% used [0x00000000fb080000,0x00000000fb915260,0x00000000fbe00000)
  to   space 12800K, 0% used [0x00000000fbe00000,0x00000000fbe00000,0x00000000fca80000)
 ParOldGen       total 175104K, used 10834K [0x00000000e0000000, 0x00000000eab00000, 0x00000000f5580000)
  object space 175104K, 6% used [0x00000000e0000000,0x00000000e0a949c8,0x00000000eab00000)
 Metaspace       used 34548K, capacity 35366K, committed 35416K, reserved 1079296K
  class space    used 4882K, capacity 5110K, committed 5120K, reserved 1048576K
}
Event: 6.560 GC heap before
{Heap before GC invocations=9 (full 2):
 PSYoungGen      total 107008K, used 8788K [0x00000000f5580000, 0x00000000fd200000, 0x0000000100000000)
  eden space 93184K, 0% used [0x00000000f5580000,0x00000000f5580000,0x00000000fb080000)
  from space 13824K, 63% used [0x00000000fb080000,0x00000000fb915260,0x00000000fbe00000)
  to   space 12800K, 0% used [0x00000000fbe00000,0x00000000fbe00000,0x00000000fca80000)
 ParOldGen       total 175104K, used 10834K [0x00000000e0000000, 0x00000000eab00000, 0x00000000f5580000)
  object space 175104K, 6% used [0x00000000e0000000,0x00000000e0a949c8,0x00000000eab00000)
 Metaspace       used 34548K, capacity 35366K, committed 35416K, reserved 1079296K
  class space    used 4882K, capacity 5110K, committed 5120K, reserved 1048576K
Event: 6.592 GC heap after
Heap after GC invocations=9 (full 2):
 PSYoungGen      total 107008K, used 0K [0x00000000f5580000, 0x00000000fd200000, 0x0000000100000000)
  eden space 93184K, 0% used [0x00000000f5580000,0x00000000f5580000,0x00000000fb080000)
  from space 13824K, 0% used [0x00000000fb080000,0x00000000fb080000,0x00000000fbe00000)
  to   space 12800K, 0% used [0x00000000fbe00000,0x00000000fbe00000,0x00000000fca80000)
 ParOldGen       total 175104K, used 15823K [0x00000000e0000000, 0x00000000eab00000, 0x00000000f5580000)
  object space 175104K, 9% used [0x00000000e0000000,0x00000000e0f73d08,0x00000000eab00000)
 Metaspace       used 34532K, capacity 35318K, committed 35416K, reserved 1079296K
  class space    used 4877K, capacity 5102K, committed 5120K, reserved 1048576K
}
Event: 7.338 GC heap before
{Heap before GC invocations=10 (full 2):
 PSYoungGen      total 107008K, used 93184K [0x00000000f5580000, 0x00000000fd200000, 0x0000000100000000)
  eden space 93184K, 100% used [0x00000000f5580000,0x00000000fb080000,0x00000000fb080000)
  from space 13824K, 0% used [0x00000000fb080000,0x00000000fb080000,0x00000000fbe00000)
  to   space 12800K, 0% used [0x00000000fbe00000,0x00000000fbe00000,0x00000000fca80000)
 ParOldGen       total 175104K, used 15823K [0x00000000e0000000, 0x00000000eab00000, 0x00000000f5580000)
  object space 175104K, 9% used [0x00000000e0000000,0x00000000e0f73d08,0x00000000eab00000)
 Metaspace       used 43797K, capacity 44894K, committed 45056K, reserved 1087488K
  class space    used 6059K, capacity 6391K, committed 6400K, reserved 1048576K
Event: 7.344 GC heap after
Heap after GC invocations=10 (full 2):
 PSYoungGen      total 105984K, used 12446K [0x00000000f5580000, 0x00000000fd200000, 0x0000000100000000)
  eden space 93184K, 0% used [0x00000000f5580000,0x00000000f5580000,0x00000000fb080000)
  from space 12800K, 97% used [0x00000000fbe00000,0x00000000fca27ae8,0x00000000fca80000)
  to   space 13824K, 0% used [0x00000000fb080000,0x00000000fb080000,0x00000000fbe00000)
 ParOldGen       total 175104K, used 15831K [0x00000000e0000000, 0x00000000eab00000, 0x00000000f5580000)
  object space 175104K, 9% used [0x00000000e0000000,0x00000000e0f75d08,0x00000000eab00000)
 Metaspace       used 43797K, capacity 44894K, committed 45056K, reserved 1087488K
  class space    used 6059K, capacity 6391K, committed 6400K, reserved 1048576K
}

